<?xml version="1.0" encoding="UTF-8"?>
<!-- Generated by org.testng.reporters.JUnitReportReporter -->
<testsuite hostname="localhost" name="com.weather.Testcases.Smoke_Test" tests="10" failures="0" timestamp="29 Dec 2015 11:38:54 GMT" time="457.103" errors="0">
  <testcase name="c334153_lotame_call_verify" time="0.125" classname="com.weather.Testcases.Smoke_Test"/>
  <testcase name="c334150_pulltoRefresh" time="22.107" classname="com.weather.Testcases.Smoke_Test"/>
  <testcase name="FirstRun" time="175.610" classname="com.weather.Testcases.Smoke_Test"/>
  <testcase name="c334145_factualCall_onfreshlaunch" time="0.112" classname="com.weather.Testcases.Smoke_Test"/>
  <testcase name="c334144_verify_WeatheFX_ApiCall" time="11.180" classname="com.weather.Testcases.Smoke_Test"/>
  <testcase name="c334148_Verify_adon_NewsExtended_page" time="56.901" classname="com.weather.Testcases.Smoke_Test"/>
  <testcase name="c334143_verify_adcals_on_clean_launch" time="88.291" classname="com.weather.Testcases.Smoke_Test"/>
  <testcase name="c334151_Verify_adon_10DaysExtended_page" time="25.217" classname="com.weather.Testcases.Smoke_Test"/>
  <testcase name="c334147_Verify_adon_MapsExtended_page" time="28.130" classname="com.weather.Testcases.Smoke_Test"/>
  <testcase name="c334146_Verify_adon_HourlyExtended_page" time="49.430" classname="com.weather.Testcases.Smoke_Test"/>
</testsuite> <!-- com.weather.Testcases.Smoke_Test -->
